{
  "Unit Tests": {
    "coverage": {
      "/Users/RyanWorkman/turing/Module1/Projects/battleship/lib/player.rb": [
        1,
        1,
        1,
        null,
        1,
        null,
        1,
        13,
        13,
        13,
        13,
        null,
        null,
        1,
        0,
        0,
        0,
        0,
        null,
        null,
        1,
        0,
        null,
        null,
        1,
        1,
        1,
        1,
        1,
        1,
        1,
        null,
        null,
        1,
        8,
        8,
        8,
        10,
        10,
        10,
        10,
        16,
        null,
        null,
        1,
        0,
        0,
        0,
        0,
        0,
        null,
        0,
        null,
        null,
        null,
        null,
        1,
        8,
        0,
        null,
        null,
        1,
        0,
        0,
        null,
        null,
        1,
        1,
        1,
        1,
        null,
        1,
        1,
        1,
        0,
        null,
        1,
        null,
        null,
        1,
        7,
        7,
        7,
        14,
        14,
        null,
        null,
        null,
        1,
        9,
        9,
        9,
        9,
        null,
        null,
        1,
        51,
        12,
        3,
        2,
        null,
        null,
        1,
        2,
        8,
        2,
        2,
        null,
        null,
        1,
        30,
        null,
        null,
        1,
        0,
        0,
        null,
        null,
        1,
        0,
        0,
        0,
        null,
        null,
        0,
        null,
        null,
        null,
        null
      ],
      "/Users/RyanWorkman/turing/Module1/Projects/battleship/lib/ship.rb": [
        1,
        1,
        null,
        null,
        null,
        1,
        13,
        13,
        null,
        null,
        1,
        13,
        39,
        13,
        null,
        null,
        1,
        0,
        null,
        null,
        1,
        0,
        null,
        null,
        1,
        0,
        null,
        null,
        1,
        0,
        null,
        null,
        1,
        0,
        null,
        null,
        1,
        0,
        null,
        null,
        1,
        0,
        null,
        null,
        1,
        0,
        null,
        null,
        1,
        0,
        0,
        0,
        0,
        null,
        null,
        1,
        0,
        0,
        0,
        null,
        null
      ],
      "/Users/RyanWorkman/turing/Module1/Projects/battleship/lib/game_board.rb": [
        1,
        null,
        1,
        1,
        null,
        null,
        1,
        15,
        15,
        15,
        null,
        null,
        1,
        15,
        15,
        75,
        null,
        null,
        1,
        60,
        300,
        60,
        null,
        null,
        1,
        14,
        null,
        null,
        1,
        2,
        2,
        2,
        2,
        null,
        0,
        null,
        null,
        null,
        1,
        0,
        0,
        0,
        0,
        null,
        0,
        null,
        null,
        null,
        1,
        3,
        3,
        null,
        0,
        null,
        null,
        1,
        11,
        7,
        null,
        null,
        1,
        0,
        null,
        null,
        1,
        null,
        null,
        null,
        0,
        null,
        null,
        1,
        0,
        null,
        null,
        1,
        0,
        0,
        0,
        0,
        0,
        null,
        0,
        null,
        null,
        1,
        0,
        0,
        0,
        null,
        null,
        1,
        0,
        0,
        null,
        null,
        null
      ]
    },
    "timestamp": 1468818102
  },
  "RSpec": {
    "coverage": {
      "/Users/RyanWorkman/turing/Module1/Projects/battleship/lib/computer_opponent.rb": [
        1,
        null,
        null
      ],
      "/Users/RyanWorkman/turing/Module1/Projects/battleship/test/game_board_test.rb": [
        1,
        1,
        null,
        1,
        1,
        30,
        null,
        null,
        1,
        1,
        1,
        null,
        null,
        1,
        1,
        1,
        1,
        null,
        null,
        1,
        1,
        1,
        1,
        null,
        null,
        1,
        1,
        null,
        null,
        1,
        1,
        1,
        null,
        null,
        null,
        null,
        null,
        1,
        1,
        1,
        null,
        null,
        null,
        null,
        null,
        1,
        1,
        1,
        null,
        null,
        null,
        null,
        1,
        1,
        1,
        null,
        null,
        null,
        1,
        1,
        null,
        null,
        1,
        1,
        null,
        null,
        null,
        null,
        null,
        1,
        1,
        1,
        null,
        null,
        null,
        null,
        null,
        1,
        1,
        1,
        1,
        null,
        null,
        null,
        null,
        null,
        1,
        1,
        1,
        1,
        1,
        1,
        1,
        null,
        null,
        null,
        null,
        null,
        1,
        1,
        1,
        1,
        null,
        null,
        1,
        1,
        1,
        null,
        null,
        1,
        1,
        null,
        null,
        1,
        1,
        1,
        1,
        null,
        null,
        1,
        1,
        1,
        1,
        1,
        null,
        null,
        1,
        1,
        1,
        null,
        null,
        null,
        null,
        null,
        1,
        1,
        null,
        null,
        1,
        1,
        1,
        1,
        1,
        null,
        null,
        1,
        1,
        1,
        1,
        1,
        null,
        null,
        1,
        1,
        1,
        null,
        null,
        1,
        1,
        1,
        null,
        null,
        1,
        1,
        1,
        null,
        null,
        1,
        1,
        null,
        null,
        1,
        1,
        1,
        1,
        null,
        null,
        1,
        1,
        1,
        1,
        1,
        1,
        1,
        1,
        null,
        null,
        1,
        1,
        1,
        null,
        null,
        null,
        null,
        null,
        1,
        1,
        1,
        1,
        1,
        1,
        null,
        null,
        null,
        null,
        null,
        1,
        1,
        1,
        null,
        null,
        1,
        1,
        1,
        1,
        1,
        1,
        null,
        null
      ],
      "/Users/RyanWorkman/turing/Module1/Projects/battleship/lib/game_board.rb": [
        1,
        null,
        1,
        1,
        null,
        1,
        35,
        35,
        null,
        null,
        1,
        51,
        51,
        240,
        null,
        null,
        1,
        190,
        935,
        190,
        null,
        null,
        1,
        103,
        null,
        null,
        1,
        23,
        21,
        21,
        null,
        2,
        null,
        null,
        null,
        1,
        6,
        6,
        6,
        null,
        0,
        null,
        null,
        null,
        1,
        34,
        33,
        null,
        6,
        null,
        null,
        1,
        36,
        null,
        null,
        1,
        1,
        null,
        null,
        1,
        null,
        null,
        null,
        6,
        null,
        null,
        1,
        14,
        null,
        null,
        1,
        8,
        8,
        8,
        21,
        21,
        null,
        8,
        null,
        null,
        1,
        8,
        27,
        8,
        null,
        null,
        1,
        75,
        20,
        null,
        null,
        null
      ],
      "/Users/RyanWorkman/turing/Module1/Projects/battleship/test/player_test.rb": [
        1,
        1,
        null,
        1,
        1,
        1,
        null,
        null,
        1,
        1,
        null,
        null
      ],
      "/Users/RyanWorkman/turing/Module1/Projects/battleship/lib/player.rb": [
        1,
        1,
        null,
        1,
        1,
        null,
        null,
        null
      ],
      "/Users/RyanWorkman/turing/Module1/Projects/battleship/test/ship_test.rb": [
        1,
        1,
        null,
        1,
        1,
        15,
        null,
        null,
        1,
        1,
        null,
        null,
        1,
        1,
        1,
        1,
        1,
        null,
        null,
        1,
        1,
        null,
        null,
        1,
        1,
        null,
        null,
        1,
        1,
        1,
        1,
        null,
        null,
        1,
        1,
        1,
        null,
        null,
        1,
        1,
        1,
        1,
        1,
        1,
        null,
        null,
        1,
        1,
        1,
        1,
        1,
        1,
        null,
        null,
        1,
        1,
        1,
        1,
        1,
        1,
        1,
        1,
        1,
        1,
        null,
        null,
        1,
        1,
        1,
        1,
        null,
        null,
        1,
        1,
        1,
        1,
        null,
        null,
        1,
        1,
        1,
        1,
        1,
        1,
        1,
        1,
        1,
        1,
        null,
        null,
        1,
        1,
        1,
        1,
        null,
        null,
        1,
        1,
        1,
        1,
        1,
        1,
        1,
        1,
        1,
        null,
        null,
        1,
        1,
        1,
        1,
        null,
        null
      ],
      "/Users/RyanWorkman/turing/Module1/Projects/battleship/lib/ship.rb": [
        1,
        1,
        null,
        null,
        1,
        21,
        21,
        null,
        null,
        1,
        22,
        79,
        22,
        null,
        null,
        1,
        8,
        null,
        null,
        1,
        35,
        null,
        null,
        1,
        24,
        null,
        null,
        1,
        27,
        null,
        null,
        1,
        9,
        null,
        null,
        1,
        43,
        null,
        null,
        1,
        6,
        5,
        5,
        5,
        null,
        null
      ],
      "/Users/RyanWorkman/turing/Module1/Projects/battleship/test/test_helper.rb": [
        1,
        1,
        1,
        1
      ]
    },
    "timestamp": 1468699646
  }
}
